#
# There is insufficient memory for the Java Runtime Environment to continue.
# Native memory allocation (malloc) failed to allocate 754896 bytes for Chunk::new
# Possible reasons:
#   The system is out of physical RAM or swap space
#   In 32 bit mode, the process size limit was hit
# Possible solutions:
#   Reduce memory load on the system
#   Increase physical memory or swap space
#   Check if swap backing store is full
#   Use 64 bit Java on a 64 bit OS
#   Decrease Java heap size (-Xmx/-Xms)
#   Decrease number of Java threads
#   Decrease Java thread stack sizes (-Xss)
#   Set larger code cache with -XX:ReservedCodeCacheSize=
# This output file may be truncated or incomplete.
#
#  Out of Memory Error (allocation.cpp:390), pid=7920, tid=7288
#
# JRE version: Java(TM) SE Runtime Environment (8.0_73-b02) (build 1.8.0_73-b02)
# Java VM: Java HotSpot(TM) 64-Bit Server VM (25.73-b02 mixed mode windows-amd64 compressed oops)
# Failed to write core dump. Minidumps are not enabled by default on client versions of Windows
#

---------------  T H R E A D  ---------------

Current thread (0x00000000166fb000):  JavaThread "C2 CompilerThread2" daemon [_thread_in_native, id=7288, stack(0x0000000018200000,0x0000000018300000)]

Stack: [0x0000000018200000,0x0000000018300000]
[error occurred during error reporting (printing stack bounds), id 0xc0000005]

Native frames: (J=compiled Java code, j=interpreted, Vv=VM code, C=native code)


Current CompileTask:
C2:   1986 1933   !   4       com.android.dx.cf.code.RopperMachine::run (1550 bytes)


---------------  P R O C E S S  ---------------

Java Threads: ( => current thread )
  0x0000000016758800 JavaThread "Service Thread" daemon [_thread_blocked, id=6812, stack(0x0000000018590000,0x0000000018690000)]
  0x000000001670f800 JavaThread "C1 CompilerThread3" daemon [_thread_in_native, id=8128, stack(0x00000000183b0000,0x00000000184b0000)]
=>0x00000000166fb000 JavaThread "C2 CompilerThread2" daemon [_thread_in_native, id=7288, stack(0x0000000018200000,0x0000000018300000)]
  0x00000000166bc000 JavaThread "C2 CompilerThread1" daemon [_thread_in_native, id=8092, stack(0x0000000018070000,0x0000000018170000)]
  0x00000000166b6800 JavaThread "C2 CompilerThread0" daemon [_thread_in_native, id=6776, stack(0x0000000017d80000,0x0000000017e80000)]
  0x00000000166ad000 JavaThread "Attach Listener" daemon [_thread_blocked, id=9168, stack(0x0000000017be0000,0x0000000017ce0000)]
  0x00000000166ac000 JavaThread "Signal Dispatcher" daemon [_thread_blocked, id=8692, stack(0x0000000017ac0000,0x0000000017bc0000)]
  0x000000001570c000 JavaThread "Finalizer" daemon [_thread_blocked, id=3360, stack(0x00000000179b0000,0x0000000017ab0000)]
  0x0000000015704800 JavaThread "Reference Handler" daemon [_thread_blocked, id=8964, stack(0x00000000175c0000,0x00000000176c0000)]
  0x000000000214f800 JavaThread "main" [_thread_in_Java, id=7720, stack(0x0000000002390000,0x0000000002490000)]

Other Threads:
  0x0000000016662800 VMThread [stack: 0x00000000176f0000,0x00000000177f0000] [id=8524]
  0x0000000016760000 WatcherThread [stack: 0x0000000017f70000,0x0000000018070000] [id=7604]

VM state:not at safepoint (normal execution)

VM Mutex/Monitor currently owned by a thread: None

Heap:
 PSYoungGen      total 71680K, used 26718K [0x00000000eab00000, 0x00000000ef600000, 0x0000000100000000)
  eden space 66560K, 32% used [0x00000000eab00000,0x00000000ec019890,0x00000000eec00000)
  from space 5120K, 99% used [0x00000000ef100000,0x00000000ef5fe348,0x00000000ef600000)
  to   space 5120K, 0% used [0x00000000eec00000,0x00000000eec00000,0x00000000ef100000)
 ParOldGen       total 87552K, used 43578K [0x00000000c0000000, 0x00000000c5580000, 0x00000000eab00000)
  object space 87552K, 49% used [0x00000000c0000000,0x00000000c2a8e8a8,0x00000000c5580000)
 Metaspace       used 6846K, capacity 7608K, committed 7936K, reserved 1056768K
  class space    used 643K, capacity 688K, committed 768K, reserved 1048576K

Card table byte_map: [0x0000000011b20000,0x0000000011d30000] byte_map_base: 0x0000000011520000

Marking Bits: (ParMarkBitMap*) 0x0000000052640600
 Begin Bits: [0x0000000012b20000, 0x0000000013b20000)
 End Bits:   [0x0000000013b20000, 0x0000000014b20000)

Polling page: 0x0000000001b60000

CodeCache: size=245760Kb used=8411Kb max_used=8411Kb free=237348Kb
 bounds [0x0000000002760000, 0x0000000002fa0000, 0x0000000011760000]
 total_blobs=2579 nmethods=2308 adapters=183
 compilation: enabled

Compilation events (10 events):
Event: 1.983 Thread 0x000000001670f800 nmethod 2408 0x0000000002f95b50 code [0x0000000002f95d00, 0x0000000002f961b8]
Event: 1.983 Thread 0x000000001670f800 2409       2       com.android.dx.dex.file.DebugInfoEncoder::extractMethodArguments (132 bytes)
Event: 1.983 Thread 0x000000001670f800 nmethod 2409 0x0000000002f965d0 code [0x0000000002f967c0, 0x0000000002f96e18]
Event: 1.983 Thread 0x000000001670f800 2399       2       com.android.dx.dex.code.DalvCode::getPositions (9 bytes)
Event: 1.984 Thread 0x000000001670f800 nmethod 2399 0x0000000002f97590 code [0x0000000002f97700, 0x0000000002f97888]
Event: 1.984 Thread 0x000000001670f800 2405   !   2       com.android.dx.dex.file.DebugInfoEncoder::convert (15 bytes)
Event: 1.984 Thread 0x000000001670f800 nmethod 2405 0x0000000002f97910 code [0x0000000002f97a80, 0x0000000002f97c38]
Event: 1.984 Thread 0x000000001670f800 2401       2       com.android.dx.dex.file.DebugInfoItem::encode0 (102 bytes)
Event: 1.984 Thread 0x000000001670f800 nmethod 2401 0x0000000002f97d50 code [0x0000000002f97f60, 0x0000000002f98568]
Event: 1.984 Thread 0x000000001670f800 2403       2       com.android.dx.dex.code.DalvCode::getLocals (9 bytes)

GC Heap History (10 events):
Event: 0.809 GC heap before
{Heap before GC invocations=2 (full 0):
 PSYoungGen      total 38400K, used 38369K [0x00000000eab00000, 0x00000000ef600000, 0x0000000100000000)
  eden space 33280K, 100% used [0x00000000eab00000,0x00000000ecb80000,0x00000000ecb80000)
  from space 5120K, 99% used [0x00000000ecb80000,0x00000000ed078630,0x00000000ed080000)
  to   space 5120K, 0% used [0x00000000ef100000,0x00000000ef100000,0x00000000ef600000)
 ParOldGen       total 87552K, used 1049K [0x00000000c0000000, 0x00000000c5580000, 0x00000000eab00000)
  object space 87552K, 1% used [0x00000000c0000000,0x00000000c01064b8,0x00000000c5580000)
 Metaspace       used 6105K, capacity 7024K, committed 7296K, reserved 1056768K
  class space    used 602K, capacity 616K, committed 640K, reserved 1048576K
Event: 0.843 GC heap after
Heap after GC invocations=2 (full 0):
 PSYoungGen      total 71680K, used 5088K [0x00000000eab00000, 0x00000000ef600000, 0x0000000100000000)
  eden space 66560K, 0% used [0x00000000eab00000,0x00000000eab00000,0x00000000eec00000)
  from space 5120K, 99% used [0x00000000ef100000,0x00000000ef5f83f8,0x00000000ef600000)
  to   space 5120K, 0% used [0x00000000eec00000,0x00000000eec00000,0x00000000ef100000)
 ParOldGen       total 87552K, used 5291K [0x00000000c0000000, 0x00000000c5580000, 0x00000000eab00000)
  object space 87552K, 6% used [0x00000000c0000000,0x00000000c052ae80,0x00000000c5580000)
 Metaspace       used 6105K, capacity 7024K, committed 7296K, reserved 1056768K
  class space    used 602K, capacity 616K, committed 640K, reserved 1048576K
}
Event: 1.046 GC heap before
{Heap before GC invocations=3 (full 0):
 PSYoungGen      total 71680K, used 71648K [0x00000000eab00000, 0x00000000ef600000, 0x0000000100000000)
  eden space 66560K, 100% used [0x00000000eab00000,0x00000000eec00000,0x00000000eec00000)
  from space 5120K, 99% used [0x00000000ef100000,0x00000000ef5f83f8,0x00000000ef600000)
  to   space 5120K, 0% used [0x00000000eec00000,0x00000000eec00000,0x00000000ef100000)
 ParOldGen       total 87552K, used 5291K [0x00000000c0000000, 0x00000000c5580000, 0x00000000eab00000)
  object space 87552K, 6% used [0x00000000c0000000,0x00000000c052ae80,0x00000000c5580000)
 Metaspace       used 6274K, capacity 7152K, committed 7296K, reserved 1056768K
  class space    used 603K, capacity 616K, committed 640K, reserved 1048576K
Event: 1.110 GC heap after
Heap after GC invocations=3 (full 0):
 PSYoungGen      total 71680K, used 5099K [0x00000000eab00000, 0x00000000ef600000, 0x0000000100000000)
  eden space 66560K, 0% used [0x00000000eab00000,0x00000000eab00000,0x00000000eec00000)
  from space 5120K, 99% used [0x00000000eec00000,0x00000000ef0fac98,0x00000000ef100000)
  to   space 5120K, 0% used [0x00000000ef100000,0x00000000ef100000,0x00000000ef600000)
 ParOldGen       total 87552K, used 15023K [0x00000000c0000000, 0x00000000c5580000, 0x00000000eab00000)
  object space 87552K, 17% used [0x00000000c0000000,0x00000000c0eabd48,0x00000000c5580000)
 Metaspace       used 6274K, capacity 7152K, committed 7296K, reserved 1056768K
  class space    used 603K, capacity 616K, committed 640K, reserved 1048576K
}
Event: 1.261 GC heap before
{Heap before GC invocations=4 (full 0):
 PSYoungGen      total 71680K, used 71659K [0x00000000eab00000, 0x00000000ef600000, 0x0000000100000000)
  eden space 66560K, 100% used [0x00000000eab00000,0x00000000eec00000,0x00000000eec00000)
  from space 5120K, 99% used [0x00000000eec00000,0x00000000ef0fac98,0x00000000ef100000)
  to   space 5120K, 0% used [0x00000000ef100000,0x00000000ef100000,0x00000000ef600000)
 ParOldGen       total 87552K, used 15023K [0x00000000c0000000, 0x00000000c5580000, 0x00000000eab00000)
  object space 87552K, 17% used [0x00000000c0000000,0x00000000c0eabd48,0x00000000c5580000)
 Metaspace       used 6406K, capacity 7192K, committed 7424K, reserved 1056768K
  class space    used 623K, capacity 656K, committed 768K, reserved 1048576K
Event: 1.281 GC heap after
Heap after GC invocations=4 (full 0):
 PSYoungGen      total 71680K, used 5119K [0x00000000eab00000, 0x00000000ef600000, 0x0000000100000000)
  eden space 66560K, 0% used [0x00000000eab00000,0x00000000eab00000,0x00000000eec00000)
  from space 5120K, 99% used [0x00000000ef100000,0x00000000ef5ffcf8,0x00000000ef600000)
  to   space 5120K, 0% used [0x00000000eec00000,0x00000000eec00000,0x00000000ef100000)
 ParOldGen       total 87552K, used 23846K [0x00000000c0000000, 0x00000000c5580000, 0x00000000eab00000)
  object space 87552K, 27% used [0x00000000c0000000,0x00000000c1749a48,0x00000000c5580000)
 Metaspace       used 6406K, capacity 7192K, committed 7424K, reserved 1056768K
  class space    used 623K, capacity 656K, committed 768K, reserved 1048576K
}
Event: 1.450 GC heap before
{Heap before GC invocations=5 (full 0):
 PSYoungGen      total 71680K, used 71679K [0x00000000eab00000, 0x00000000ef600000, 0x0000000100000000)
  eden space 66560K, 100% used [0x00000000eab00000,0x00000000eec00000,0x00000000eec00000)
  from space 5120K, 99% used [0x00000000ef100000,0x00000000ef5ffcf8,0x00000000ef600000)
  to   space 5120K, 0% used [0x00000000eec00000,0x00000000eec00000,0x00000000ef100000)
 ParOldGen       total 87552K, used 23846K [0x00000000c0000000, 0x00000000c5580000, 0x00000000eab00000)
  object space 87552K, 27% used [0x00000000c0000000,0x00000000c1749a48,0x00000000c5580000)
 Metaspace       used 6456K, capacity 7256K, committed 7424K, reserved 1056768K
  class space    used 623K, capacity 656K, committed 768K, reserved 1048576K
Event: 1.470 GC heap after
Heap after GC invocations=5 (full 0):
 PSYoungGen      total 71680K, used 5088K [0x00000000eab00000, 0x00000000ef600000, 0x0000000100000000)
  eden space 66560K, 0% used [0x00000000eab00000,0x00000000eab00000,0x00000000eec00000)
  from space 5120K, 99% used [0x00000000eec00000,0x00000000ef0f82c8,0x00000000ef100000)
  to   space 5120K, 0% used [0x00000000ef100000,0x00000000ef100000,0x00000000ef600000)
 ParOldGen       total 87552K, used 34334K [0x00000000c0000000, 0x00000000c5580000, 0x00000000eab00000)
  object space 87552K, 39% used [0x00000000c0000000,0x00000000c21878d0,0x00000000c5580000)
 Metaspace       used 6456K, capacity 7256K, committed 7424K, reserved 1056768K
  class space    used 623K, capacity 656K, committed 768K, reserved 1048576K
}
Event: 1.646 GC heap before
{Heap before GC invocations=6 (full 0):
 PSYoungGen      total 71680K, used 71648K [0x00000000eab00000, 0x00000000ef600000, 0x0000000100000000)
  eden space 66560K, 100% used [0x00000000eab00000,0x00000000eec00000,0x00000000eec00000)
  from space 5120K, 99% used [0x00000000eec00000,0x00000000ef0f82c8,0x00000000ef100000)
  to   space 5120K, 0% used [0x00000000ef100000,0x00000000ef100000,0x00000000ef600000)
 ParOldGen       total 87552K, used 34334K [0x00000000c0000000, 0x00000000c5580000, 0x00000000eab00000)
  object space 87552K, 39% used [0x00000000c0000000,0x00000000c21878d0,0x00000000c5580000)
 Metaspace       used 6486K, capacity 7256K, committed 7424K, reserved 1056768K
  class space    used 625K, capacity 656K, committed 768K, reserved 1048576K
Event: 1.674 GC heap after
Heap after GC invocations=6 (full 0):
 PSYoungGen      total 71680K, used 5112K [0x00000000eab00000, 0x00000000ef600000, 0x0000000100000000)
  eden space 66560K, 0% used [0x00000000eab00000,0x00000000eab00000,0x00000000eec00000)
  from space 5120K, 99% used [0x00000000ef100000,0x00000000ef5fe348,0x00000000ef600000)
  to   space 5120K, 0% used [0x00000000eec00000,0x00000000eec00000,0x00000000ef100000)
 ParOldGen       total 87552K, used 43578K [0x00000000c0000000, 0x00000000c5580000, 0x00000000eab00000)
  object space 87552K, 49% used [0x00000000c0000000,0x00000000c2a8e8a8,0x00000000c5580000)
 Metaspace       used 6486K, capacity 7256K, committed 7424K, reserved 1056768K
  class space    used 625K, capacity 656K, committed 768K, reserved 1048576K
}

Deoptimization events (10 events):
Event: 1.696 Thread 0x000000000214f800 Uncommon trap: reason=class_check action=maybe_recompile pc=0x0000000002b0f8b8 method=java.util.Arrays.hashCode([Ljava/lang/Object;)I @ 43
Event: 1.696 Thread 0x000000000214f800 Uncommon trap: reason=class_check action=maybe_recompile pc=0x0000000002b0f8b8 method=java.util.Arrays.hashCode([Ljava/lang/Object;)I @ 43
Event: 1.696 Thread 0x000000000214f800 Uncommon trap: reason=class_check action=maybe_recompile pc=0x0000000002b0d574 method=java.util.Arrays.hashCode([Ljava/lang/Object;)I @ 43
Event: 1.705 Thread 0x000000000214f800 Uncommon trap: reason=bimorphic action=maybe_recompile pc=0x0000000002b5c598 method=java.util.HashMap.putVal(ILjava/lang/Object;Ljava/lang/Object;ZZ)Ljava/lang/Object; @ 203
Event: 1.794 Thread 0x000000000214f800 Uncommon trap: reason=speculate_class_check action=maybe_recompile pc=0x0000000002a40dc4 method=com.android.dx.util.FixedSizeList.equals(Ljava/lang/Object;)Z @ 25
Event: 1.794 Thread 0x000000000214f800 Uncommon trap: reason=unstable_if action=reinterpret pc=0x0000000002a372e0 method=java.util.Arrays.equals([Ljava/lang/Object;[Ljava/lang/Object;)Z @ 23
Event: 1.809 Thread 0x000000000214f800 Uncommon trap: reason=speculate_class_check action=maybe_recompile pc=0x0000000002a40dc4 method=com.android.dx.util.FixedSizeList.equals(Ljava/lang/Object;)Z @ 25
Event: 1.809 Thread 0x000000000214f800 Uncommon trap: reason=speculate_class_check action=maybe_recompile pc=0x0000000002a40dc4 method=com.android.dx.util.FixedSizeList.equals(Ljava/lang/Object;)Z @ 25
Event: 1.809 Thread 0x000000000214f800 Uncommon trap: reason=speculate_class_check action=maybe_recompile pc=0x0000000002a40dc4 method=com.android.dx.util.FixedSizeList.equals(Ljava/lang/Object;)Z @ 25
Event: 1.833 Thread 0x000000000214f800 Uncommon trap: reason=unstable_if action=reinterpret pc=0x0000000002ef76ec method=java.util.TreeMap.put(Ljava/lang/Object;Ljava/lang/Object;)Ljava/lang/Object; @ 163

Internal exceptions (6 events):
Event: 0.029 Thread 0x000000000214f800 Exception <a 'java/lang/NoSuchMethodError': Method sun.misc.Unsafe.defineClass(Ljava/lang/String;[BII)Ljava/lang/Class; name or signature does not match> (0x00000000eab0d720) thrown at [D:\re\puppet\workspace\8-2-build-windows-amd64-cygwin\jdk8u73\6086\hot+ò]
ORù?
Event: 0.029 Thread 0x000000000214f800 Exception <a 'java/lang/NoSuchMethodError': Method sun.misc.Unsafe.prefetchRead(Ljava/lang/Object;J)V name or signature does not match> (0x00000000eab0da08) thrown at [D:\re\puppet\workspace\8-2-build-windows-amd64-cygwin\jdk8u73\6086\hotspot\src\share\vm\dÌÊ
æ¬ﬂ?
Event: 0.496 Thread 0x00000000186cd800 Implicit null exception at 0x0000000002a17873 to 0x0000000002a198c9
Event: 1.204 Thread 0x0000000016954000 Exception <a 'java/lang/ArrayIndexOutOfBoundsException': 18> (0x00000000ed4478a8) thrown at [D:\re\puppet\workspace\8-2-build-windows-amd64-cygwin\jdk8u73\6086\hotspot\src\share\vm\interpreter\interpreterRuntime.cpp, line 366]
Event: 1.204 Thread 0x0000000016954000 Exception <a 'java/lang/ArrayIndexOutOfBoundsException': 145> (0x00000000ed449428) thrown at [D:\re\puppet\workspace\8-2-build-windows-amd64-cygwin\jdk8u73\6086\hotspot\src\share\vm\interpreter\interpreterRuntime.cpp, line 366]
Event: 1.207 Thread 0x0000000016954000 Exception <a 'java/lang/ArrayIndexOutOfBoundsException'> (0x00000000ed44a710) thrown at [D:\re\puppet\workspace\8-2-build-windows-amd64-cygwin\jdk8u73\6086\hotspot\src\share\vm\runtime\sharedRuntime.cpp, line 605]

Events (10 events):
Event: 1.853 Thread 0x000000000214f800 DEOPT PACKING pc=0x0000000002f0f1b1 sp=0x000000000248ec30
Event: 1.853 Thread 0x000000000214f800 DEOPT UNPACKING pc=0x00000000027a787f sp=0x000000000248e9a8 mode 0
Event: 1.861 Thread 0x000000000214f800 DEOPT PACKING pc=0x0000000002f3c3e9 sp=0x000000000248ec00
Event: 1.861 Thread 0x000000000214f800 DEOPT UNPACKING pc=0x00000000027a787f sp=0x000000000248e9b8 mode 0
Event: 1.971 loading class com/android/dx/dex/file/DebugInfoEncoder
Event: 1.971 loading class com/android/dx/dex/file/DebugInfoEncoder done
Event: 1.972 loading class com/android/dx/dex/file/DebugInfoEncoder$1
Event: 1.972 loading class com/android/dx/dex/file/DebugInfoEncoder$1 done
Event: 1.972 loading class com/android/dx/dex/file/DebugInfoEncoder$2
Event: 1.972 loading class com/android/dx/dex/file/DebugInfoEncoder$2 done


Dynamic libraries:
0x000000013f700000 - 0x000000013f737000 	C:\Program Files\Java\jdk1.8.0_73\bin\java.exe
0x00000000774c0000 - 0x000000007766a000 	C:\Windows\SYSTEM32\ntdll.dll
0x00000000773a0000 - 0x00000000774bf000 	C:\Windows\system32\kernel32.dll
0x000007fefd4f0000 - 0x000007fefd55b000 	C:\Windows\system32\KERNELBASE.dll
0x000007feff180000 - 0x000007feff25b000 	C:\Windows\system32\ADVAPI32.dll
0x000007fefdcd0000 - 0x000007fefdd6f000 	C:\Windows\system32\msvcrt.dll
0x000007fefd600000 - 0x000007fefd61f000 	C:\Windows\SYSTEM32\sechost.dll
0x000007fefdb00000 - 0x000007fefdc2d000 	C:\Windows\system32\RPCRT4.dll
0x00000000772a0000 - 0x000000007739a000 	C:\Windows\system32\USER32.dll
0x000007fefdd70000 - 0x000007fefddd7000 	C:\Windows\system32\GDI32.dll
0x000007fefddf0000 - 0x000007fefddfe000 	C:\Windows\system32\LPK.dll
0x000007feff4d0000 - 0x000007feff59a000 	C:\Windows\system32\USP10.dll
0x000007fefbb90000 - 0x000007fefbd84000 	C:\Windows\WinSxS\amd64_microsoft.windows.common-controls_6595b64144ccf1df_6.0.7601.18837_none_fa3b1e3d17594757\COMCTL32.dll
0x000007feff450000 - 0x000007feff4c1000 	C:\Windows\system32\SHLWAPI.dll
0x000007feff420000 - 0x000007feff44e000 	C:\Windows\system32\IMM32.DLL
0x000007feff2b0000 - 0x000007feff3b9000 	C:\Windows\system32\MSCTF.dll
0x000000006ecd0000 - 0x000000006eda2000 	C:\Program Files\Java\jdk1.8.0_73\jre\bin\msvcr100.dll
0x0000000051e30000 - 0x00000000526c0000 	C:\Program Files\Java\jdk1.8.0_73\jre\bin\server\jvm.dll
0x000007fee5f70000 - 0x000007fee5f79000 	C:\Windows\system32\WSOCK32.dll
0x000007feff260000 - 0x000007feff2ad000 	C:\Windows\system32\WS2_32.dll
0x000007fefdde0000 - 0x000007fefdde8000 	C:\Windows\system32\NSI.dll
0x000007fef9890000 - 0x000007fef98cb000 	C:\Windows\system32\WINMM.dll
0x000007fefc310000 - 0x000007fefc31c000 	C:\Windows\system32\VERSION.dll
0x0000000077690000 - 0x0000000077697000 	C:\Windows\system32\PSAPI.DLL
0x0000000073e40000 - 0x0000000073e4f000 	C:\Program Files\Java\jdk1.8.0_73\jre\bin\verify.dll
0x0000000072100000 - 0x0000000072129000 	C:\Program Files\Java\jdk1.8.0_73\jre\bin\java.dll
0x00000000720e0000 - 0x00000000720f6000 	C:\Program Files\Java\jdk1.8.0_73\jre\bin\zip.dll
0x000007fefe3f0000 - 0x000007feff17a000 	C:\Windows\system32\SHELL32.dll
0x000007fefd8f0000 - 0x000007fefdaf3000 	C:\Windows\system32\ole32.dll
0x000007fefd250000 - 0x000007fefd25f000 	C:\Windows\system32\profapi.dll

VM Arguments:
jvm_args: -Djava.awt.headless=true -Xmx1024M -Dfile.encoding=windows-1252 -Duser.country=DE -Duser.language=de -Duser.variant 
java_command: com.android.dx.command.Main --dex --num-threads=4 --output C:\Users\mschwaer\AndroidStudioProjects\ChuckNorrisBild\app\build\intermediates\pre-dexed\debug\com.android.support-appcompat-v7-23.1.1_8af10dc9b97ffb5a91c594e5e8a9ec2845dade46.jar C:\Users\mschwaer\AndroidStudioProjects\ChuckNorrisBild\app\build\intermediates\exploded-aar\com.android.support\appcompat-v7\23.1.1\jars\classes.jar
java_class_path (initial): F:\android\sdk\build-tools\23.0.2\lib\dx.jar
Launcher Type: SUN_STANDARD

Environment Variables:
PATH=C:\ProgramData\Oracle\Java\javapath;C:\Program Files (x86)\Intel\iCLS Client\;C:\Program Files\Intel\iCLS Client\;C:\Windows\system32;C:\Windows;C:\Windows\System32\Wbem;C:\Windows\System32\WindowsPowerShell\v1.0\;C:\Program Files (x86)\leJOS NXJ\bin;C:\VXIPNP\WinNT\Bin;C:\Program Files\Microsoft SQL Server\110\Tools\Binn\;C:\Program Files\Intel\Intel(R) Management Engine Components\DAL;C:\Program Files\Intel\Intel(R) Management Engine Components\IPT;C:\Program Files (x86)\Intel\Intel(R) Management Engine Components\DAL;C:\Program Files (x86)\Intel\Intel(R) Management Engine Components\IPT;C:\Program Files (x86)\NVIDIA Corporation\PhysX\Common;C:\Program Files (x86)\QuickTime\QTSystem\
USERNAME=mschwaer
OS=Windows_NT
PROCESSOR_IDENTIFIER=Intel64 Family 6 Model 58 Stepping 9, GenuineIntel



---------------  S Y S T E M  ---------------

OS: Windows 7 , 64 bit Build 7601 (6.1.7601.19135)

CPU:total 8 (4 cores per cpu, 2 threads per core) family 6 model 58 stepping 9, cmov, cx8, fxsr, mmx, sse, sse2, sse3, ssse3, sse4.1, sse4.2, popcnt, avx, aes, clmul, erms, ht, tsc, tscinvbit, tscinv

Memory: 4k page, physical 8342984k(908944k free), swap 9389724k(5728k free)

vm_info: Java HotSpot(TM) 64-Bit Server VM (25.73-b02) for windows-amd64 JRE (1.8.0_73-b02), built on Jan 29 2016 17:38:49 by "java_re" with MS VC++ 10.0 (VS2010)

time: Tue Feb 16 17:51:25 2016
elapsed time: 1 seconds (0d 0h 0m 1s)

